<?xml version="1.0" encoding="UTF-8"?>
<testsuite xmlns:xsi="http://www.w3.org/2001/XMLSchema-instance" xsi:noNamespaceSchemaLocation="https://maven.apache.org/surefire/maven-surefire-plugin/xsd/surefire-test-report-3.0.xsd" version="3.0" name="com.santiago.ecom.EcomApplicationTests" time="23.215" tests="1" errors="0" skipped="0" failures="0">
  <properties>
[...]
</properties>
  <testcase name="contextLoads" classname="com.santiago.ecom.EcomApplicationTests" time="0.659">
    <system-out><![CDATA[11:38:40.146 [main] INFO org.springframework.test.context.support.AnnotationConfigContextLoaderUtils -- Could not detect default configuration classes for test class [com.santiago.ecom.EcomApplicationTests]: EcomApplicationTests does not declare any static, non-private, non-final, nested classes annotated with @Configuration.
11:38:40.345 [main] INFO org.springframework.boot.test.context.SpringBootTestContextBootstrapper -- Found @SpringBootConfiguration com.santiago.ecom.EcomApplication for test class com.santiago.ecom.EcomApplicationTests

  .   ____          _            __ _ _
 /\\ / ___'_ __ _ _(_)_ __  __ _ \ \ \ \
( ( )\___ | '_ | '_| | '_ \/ _` | \ \ \ \
 \\/  ___)| |_)| | | | | || (_| |  ) ) ) )
  '  |____| .__|_| |_|_| |_\__, | / / / /
 =========|_|==============|___/=/_/_/_/
 :: Spring Boot ::                (v3.1.9)

2024-02-28T11:38:40.938-05:00  INFO 14808 --- [           main] com.santiago.ecom.EcomApplicationTests   : Starting EcomApplicationTests using Java 17.0.9 with PID 14808 (started by analista.desarrollo1 in D:\Usuarios\analista.desarrollo1\Desktop\myPersonalProjects\back-end\SpringBoot\e-commerce)
2024-02-28T11:38:40.941-05:00  INFO 14808 --- [           main] com.santiago.ecom.EcomApplicationTests   : No active profile set, falling back to 1 default profile: "default"
2024-02-28T11:38:41.939-05:00  INFO 14808 --- [           main] .s.d.r.c.RepositoryConfigurationDelegate : Bootstrapping Spring Data JPA repositories in DEFAULT mode.
2024-02-28T11:38:42.080-05:00  INFO 14808 --- [           main] .s.d.r.c.RepositoryConfigurationDelegate : Finished Spring Data repository scanning in 129 ms. Found 9 JPA repository interfaces.
2024-02-28T11:38:42.918-05:00  INFO 14808 --- [           main] o.hibernate.jpa.internal.util.LogHelper  : HHH000204: Processing PersistenceUnitInfo [name: default]
2024-02-28T11:38:43.051-05:00  INFO 14808 --- [           main] org.hibernate.Version                    : HHH000412: Hibernate ORM core version 6.2.22.Final
2024-02-28T11:38:43.057-05:00  INFO 14808 --- [           main] org.hibernate.cfg.Environment            : HHH000406: Using bytecode reflection optimizer
2024-02-28T11:38:43.669-05:00  INFO 14808 --- [           main] o.s.o.j.p.SpringPersistenceUnitInfo      : No LoadTimeWeaver setup: ignoring JPA class transformer
2024-02-28T11:38:43.741-05:00  INFO 14808 --- [           main] com.zaxxer.hikari.HikariDataSource       : HikariPool-1 - Starting...
2024-02-28T11:38:45.907-05:00  INFO 14808 --- [           main] com.zaxxer.hikari.pool.HikariPool        : HikariPool-1 - Added connection com.mysql.cj.jdbc.ConnectionImpl@3c60c681
2024-02-28T11:38:45.913-05:00  INFO 14808 --- [           main] com.zaxxer.hikari.HikariDataSource       : HikariPool-1 - Start completed.
2024-02-28T11:38:47.713-05:00  INFO 14808 --- [           main] o.h.e.t.j.p.i.JtaPlatformInitiator       : HHH000489: No JTA platform available (set 'hibernate.transaction.jta.platform' to enable JTA platform integration)
Hibernate: create table cart_items (id bigint not null auto_increment, price bigint, quantity bigint, order_id bigint, product_id bigint not null, user_id bigint not null, primary key (id)) engine=InnoDB
Hibernate: create table category (id bigint not null auto_increment, description tinytext, name varchar(255), primary key (id)) engine=InnoDB
Hibernate: create table coupons (id bigint not null auto_increment, code varchar(255), discount bigint, expiration_date datetime(6), name varchar(255), primary key (id)) engine=InnoDB
Hibernate: create table fqa (id bigint not null auto_increment, answer varchar(255), question varchar(255), product_id bigint not null, primary key (id)) engine=InnoDB
Hibernate: create table orders (id bigint not null auto_increment, address varchar(255), amount bigint, date datetime(6), discount bigint, order_description varchar(255), order_status tinyint, payment varchar(255), total_amount bigint, tracking_id binary(16), coupon_id bigint, user_id bigint, primary key (id)) engine=InnoDB
Hibernate: create table product (id bigint not null auto_increment, description tinytext, img longblob, name varchar(255), price bigint, category_id bigint not null, primary key (id)) engine=InnoDB
Hibernate: create table review (id bigint not null auto_increment, description tinytext, img longblob, rating bigint, product_id bigint not null, user_id bigint not null, primary key (id)) engine=InnoDB
Hibernate: create table users (id bigint not null auto_increment, email varchar(255), img longblob, name varchar(255), password varchar(255), role tinyint, primary key (id)) engine=InnoDB
Hibernate: create table wish_list (id bigint not null auto_increment, product_id bigint not null, user_id bigint not null, primary key (id)) engine=InnoDB
Hibernate: alter table cart_items drop index UK_shvxaq4vg05f3q75fnnel0klb
Hibernate: alter table cart_items add constraint UK_shvxaq4vg05f3q75fnnel0klb unique (order_id)
Hibernate: alter table orders drop index UK_hy4cwtbxgq00s7bldwc96ulx9
Hibernate: alter table orders add constraint UK_hy4cwtbxgq00s7bldwc96ulx9 unique (coupon_id)
Hibernate: alter table orders drop index UK_k8kupdtcdpqd57b6j4yq9uvdj
Hibernate: alter table orders add constraint UK_k8kupdtcdpqd57b6j4yq9uvdj unique (user_id)
Hibernate: alter table cart_items add constraint FKiuhn9mru62vgqy1h0t1ggc3s7 foreign key (order_id) references orders (id)
Hibernate: alter table cart_items add constraint FKl7je3auqyq1raj52qmwrgih8x foreign key (product_id) references product (id) on delete cascade
Hibernate: alter table cart_items add constraint FK709eickf3kc0dujx3ub9i7btf foreign key (user_id) references users (id) on delete cascade
Hibernate: alter table fqa add constraint FKf80btgx0fn2ka9s0lvuutqj64 foreign key (product_id) references product (id) on delete cascade
Hibernate: alter table orders add constraint FKn1d1gkxckw648m2n2d5gx0yx5 foreign key (coupon_id) references coupons (id)
Hibernate: alter table orders add constraint FK32ql8ubntj5uh44ph9659tiih foreign key (user_id) references users (id)
Hibernate: alter table product add constraint FK1mtsbur82frn64de7balymq9s foreign key (category_id) references category (id) on delete cascade
Hibernate: alter table review add constraint FKiyof1sindb9qiqr9o8npj8klt foreign key (product_id) references product (id) on delete cascade
Hibernate: alter table review add constraint FK6cpw2nlklblpvc7hyt7ko6v3e foreign key (user_id) references users (id) on delete cascade
Hibernate: alter table wish_list add constraint FKqn4e0ta2823kynefeg4jektp0 foreign key (product_id) references product (id) on delete cascade
Hibernate: alter table wish_list add constraint FKit8ap20bpapw291y78egje6f3 foreign key (user_id) references users (id) on delete cascade
2024-02-28T11:38:59.319-05:00  INFO 14808 --- [           main] j.LocalContainerEntityManagerFactoryBean : Initialized JPA EntityManagerFactory for persistence unit 'default'
Hibernate: select u1_0.id,u1_0.email,u1_0.img,u1_0.name,u1_0.password,u1_0.role from users u1_0 where u1_0.role=?
Hibernate: insert into users (email,img,name,password,role) values (?,?,?,?,?)
2024-02-28T11:39:01.636-05:00  WARN 14808 --- [           main] JpaBaseConfiguration$JpaWebConfiguration : spring.jpa.open-in-view is enabled by default. Therefore, database queries may be performed during view rendering. Explicitly configure spring.jpa.open-in-view to disable this warning
2024-02-28T11:39:02.066-05:00  INFO 14808 --- [           main] o.s.s.web.DefaultSecurityFilterChain     : Will secure any request with [org.springframework.security.web.session.DisableEncodeUrlFilter@69d9d322, org.springframework.security.web.context.request.async.WebAsyncManagerIntegrationFilter@4e23ddf0, org.springframework.security.web.context.SecurityContextHolderFilter@6d3194ff, org.springframework.security.web.header.HeaderWriterFilter@464017f5, org.springframework.security.web.authentication.logout.LogoutFilter@1db9d253, com.santiago.ecom.filters.JwtRequestFilter@5c2ae7d7, org.springframework.security.web.savedrequest.RequestCacheAwareFilter@123d666b, org.springframework.security.web.servletapi.SecurityContextHolderAwareRequestFilter@542c6165, org.springframework.security.web.authentication.AnonymousAuthenticationFilter@4e00723b, org.springframework.security.web.session.SessionManagementFilter@4c231f62, org.springframework.security.web.access.ExceptionTranslationFilter@44b82007, org.springframework.security.web.access.intercept.AuthorizationFilter@44ec6637]
2024-02-28T11:39:02.414-05:00  INFO 14808 --- [           main] com.santiago.ecom.EcomApplicationTests   : Started EcomApplicationTests in 21.819 seconds (process running for 23.141)
]]></system-out>
  </testcase>
</testsuite>