<?xml version="1.0" encoding="UTF-8"?>
<testsuite xmlns:xsi="http://www.w3.org/2001/XMLSchema-instance" xsi:noNamespaceSchemaLocation="https://maven.apache.org/surefire/maven-surefire-plugin/xsd/surefire-test-report-3.0.xsd" version="3.0" name="com.santiago.ecom.EcomApplicationTests" time="7.635" tests="1" errors="0" skipped="0" failures="0">
  <properties>
[...]
</properties>
  <testcase name="contextLoads" classname="com.santiago.ecom.EcomApplicationTests" time="0.692">
    <system-out><![CDATA[10:40:00.678 [main] INFO org.springframework.test.context.support.AnnotationConfigContextLoaderUtils -- Could not detect default configuration classes for test class [com.santiago.ecom.EcomApplicationTests]: EcomApplicationTests does not declare any static, non-private, non-final, nested classes annotated with @Configuration.
10:40:00.802 [main] INFO org.springframework.boot.test.context.SpringBootTestContextBootstrapper -- Found @SpringBootConfiguration com.santiago.ecom.EcomApplication for test class com.santiago.ecom.EcomApplicationTests

  .   ____          _            __ _ _
 /\\ / ___'_ __ _ _(_)_ __  __ _ \ \ \ \
( ( )\___ | '_ | '_| | '_ \/ _` | \ \ \ \
 \\/  ___)| |_)| | | | | || (_| |  ) ) ) )
  '  |____| .__|_| |_|_| |_\__, | / / / /
 =========|_|==============|___/=/_/_/_/
 :: Spring Boot ::                (v3.1.9)

2024-02-28T10:40:01.229-05:00  INFO 2896 --- [           main] com.santiago.ecom.EcomApplicationTests   : Starting EcomApplicationTests using Java 17.0.9 with PID 2896 (started by analista.desarrollo1 in D:\Usuarios\analista.desarrollo1\Desktop\myPersonalProjects\back-end\SpringBoot\e-commerce)
2024-02-28T10:40:01.230-05:00  INFO 2896 --- [           main] com.santiago.ecom.EcomApplicationTests   : No active profile set, falling back to 1 default profile: "default"
2024-02-28T10:40:01.963-05:00  INFO 2896 --- [           main] .s.d.r.c.RepositoryConfigurationDelegate : Bootstrapping Spring Data JPA repositories in DEFAULT mode.
2024-02-28T10:40:02.081-05:00  INFO 2896 --- [           main] .s.d.r.c.RepositoryConfigurationDelegate : Finished Spring Data repository scanning in 108 ms. Found 9 JPA repository interfaces.
2024-02-28T10:40:02.637-05:00  INFO 2896 --- [           main] o.hibernate.jpa.internal.util.LogHelper  : HHH000204: Processing PersistenceUnitInfo [name: default]
2024-02-28T10:40:02.722-05:00  INFO 2896 --- [           main] org.hibernate.Version                    : HHH000412: Hibernate ORM core version 6.2.22.Final
2024-02-28T10:40:02.724-05:00  INFO 2896 --- [           main] org.hibernate.cfg.Environment            : HHH000406: Using bytecode reflection optimizer
2024-02-28T10:40:03.133-05:00  INFO 2896 --- [           main] o.s.o.j.p.SpringPersistenceUnitInfo      : No LoadTimeWeaver setup: ignoring JPA class transformer
2024-02-28T10:40:03.183-05:00  INFO 2896 --- [           main] com.zaxxer.hikari.HikariDataSource       : HikariPool-1 - Starting...
2024-02-28T10:40:03.525-05:00  INFO 2896 --- [           main] com.zaxxer.hikari.pool.HikariPool        : HikariPool-1 - Added connection com.mysql.cj.jdbc.ConnectionImpl@1b3a9ef4
2024-02-28T10:40:03.528-05:00  INFO 2896 --- [           main] com.zaxxer.hikari.HikariDataSource       : HikariPool-1 - Start completed.
2024-02-28T10:40:05.272-05:00  INFO 2896 --- [           main] o.h.e.t.j.p.i.JtaPlatformInitiator       : HHH000489: No JTA platform available (set 'hibernate.transaction.jta.platform' to enable JTA platform integration)
2024-02-28T10:40:05.472-05:00  INFO 2896 --- [           main] j.LocalContainerEntityManagerFactoryBean : Initialized JPA EntityManagerFactory for persistence unit 'default'
Hibernate: select u1_0.id,u1_0.email,u1_0.img,u1_0.name,u1_0.password,u1_0.role from users u1_0 where u1_0.role=?
2024-02-28T10:40:06.549-05:00  WARN 2896 --- [           main] JpaBaseConfiguration$JpaWebConfiguration : spring.jpa.open-in-view is enabled by default. Therefore, database queries may be performed during view rendering. Explicitly configure spring.jpa.open-in-view to disable this warning
2024-02-28T10:40:07.018-05:00  INFO 2896 --- [           main] o.s.s.web.DefaultSecurityFilterChain     : Will secure any request with [org.springframework.security.web.session.DisableEncodeUrlFilter@2d732cda, org.springframework.security.web.context.request.async.WebAsyncManagerIntegrationFilter@755fdfad, org.springframework.security.web.context.SecurityContextHolderFilter@23a78d2e, org.springframework.security.web.header.HeaderWriterFilter@51c15508, org.springframework.security.web.authentication.logout.LogoutFilter@2446597e, com.santiago.ecom.filters.JwtRequestFilter@4be1c797, org.springframework.security.web.savedrequest.RequestCacheAwareFilter@c0cb9c2, org.springframework.security.web.servletapi.SecurityContextHolderAwareRequestFilter@4a6d6308, org.springframework.security.web.authentication.AnonymousAuthenticationFilter@3c98eaa9, org.springframework.security.web.session.SessionManagementFilter@6dcdc378, org.springframework.security.web.access.ExceptionTranslationFilter@230dd372, org.springframework.security.web.access.intercept.AuthorizationFilter@4e22dadb]
2024-02-28T10:40:07.423-05:00  INFO 2896 --- [           main] com.santiago.ecom.EcomApplicationTests   : Started EcomApplicationTests in 6.441 seconds (process running for 7.492)
]]></system-out>
  </testcase>
</testsuite>